<?xml version="1.0" encoding="UTF-8"?>
<testsuite xmlns:xsi="http://www.w3.org/2001/XMLSchema-instance" xsi:noNamespaceSchemaLocation="https://maven.apache.org/surefire/maven-surefire-plugin/xsd/surefire-test-report-3.0.xsd" version="3.0" name="com.example.serial.CommandInterpreterTest" time="0.037" tests="5" errors="0" skipped="0" failures="0">
  <properties>
    <property name="java.specification.version" value="19"/>
    <property name="sun.cpu.isalist" value="amd64"/>
    <property name="sun.jnu.encoding" value="Cp1252"/>
    <property name="java.class.path" value="C:\Users\mouns\BluetoothReader\target\test-classes;C:\Users\mouns\BluetoothReader\target\classes;C:\Users\mouns\.m2\repository\com\fazecast\jSerialComm\2.10.4\jSerialComm-2.10.4.jar;C:\Users\mouns\.m2\repository\org\openjfx\javafx-controls\21\javafx-controls-21.jar;C:\Users\mouns\.m2\repository\org\openjfx\javafx-controls\21\javafx-controls-21-win.jar;C:\Users\mouns\.m2\repository\org\openjfx\javafx-graphics\21\javafx-graphics-21.jar;C:\Users\mouns\.m2\repository\org\openjfx\javafx-graphics\21\javafx-graphics-21-win.jar;C:\Users\mouns\.m2\repository\org\openjfx\javafx-base\21\javafx-base-21.jar;C:\Users\mouns\.m2\repository\org\openjfx\javafx-base\21\javafx-base-21-win.jar;C:\Users\mouns\.m2\repository\org\openjfx\javafx-fxml\21\javafx-fxml-21.jar;C:\Users\mouns\.m2\repository\org\openjfx\javafx-fxml\21\javafx-fxml-21-win.jar;C:\Users\mouns\.m2\repository\org\junit\jupiter\junit-jupiter\5.10.0\junit-jupiter-5.10.0.jar;C:\Users\mouns\.m2\repository\org\junit\jupiter\junit-jupiter-api\5.10.0\junit-jupiter-api-5.10.0.jar;C:\Users\mouns\.m2\repository\org\opentest4j\opentest4j\1.3.0\opentest4j-1.3.0.jar;C:\Users\mouns\.m2\repository\org\junit\platform\junit-platform-commons\1.10.0\junit-platform-commons-1.10.0.jar;C:\Users\mouns\.m2\repository\org\apiguardian\apiguardian-api\1.1.2\apiguardian-api-1.1.2.jar;C:\Users\mouns\.m2\repository\org\junit\jupiter\junit-jupiter-params\5.10.0\junit-jupiter-params-5.10.0.jar;C:\Users\mouns\.m2\repository\org\junit\jupiter\junit-jupiter-engine\5.10.0\junit-jupiter-engine-5.10.0.jar;C:\Users\mouns\.m2\repository\org\junit\platform\junit-platform-engine\1.10.0\junit-platform-engine-1.10.0.jar;C:\Users\mouns\.m2\repository\org\controlsfx\controlsfx\11.1.2\controlsfx-11.1.2.jar;C:\Users\mouns\.m2\repository\org\mockito\mockito-core\5.11.0\mockito-core-5.11.0.jar;C:\Users\mouns\.m2\repository\net\bytebuddy\byte-buddy\1.14.12\byte-buddy-1.14.12.jar;C:\Users\mouns\.m2\repository\net\bytebuddy\byte-buddy-agent\1.14.12\byte-buddy-agent-1.14.12.jar;C:\Users\mouns\.m2\repository\org\objenesis\objenesis\3.3\objenesis-3.3.jar;C:\Users\mouns\.m2\repository\org\mockito\mockito-junit-jupiter\5.11.0\mockito-junit-jupiter-5.11.0.jar;"/>
    <property name="java.vm.vendor" value="Oracle Corporation"/>
    <property name="sun.arch.data.model" value="64"/>
    <property name="user.variant" value=""/>
    <property name="java.vendor.url" value="https://java.oracle.com/"/>
    <property name="user.timezone" value="Europe/Berlin"/>
    <property name="os.name" value="Windows 11"/>
    <property name="java.vm.specification.version" value="19"/>
    <property name="sun.java.launcher" value="SUN_STANDARD"/>
    <property name="user.country" value="DE"/>
    <property name="sun.boot.library.path" value="C:\Users\mouns\scoop\apps\openjdk\current\bin"/>
    <property name="sun.java.command" value="C:\Users\mouns\AppData\Local\Temp\surefire4922855142736135464\surefirebooter-20250826215522862_3.jar C:\Users\mouns\AppData\Local\Temp\surefire4922855142736135464 2025-08-26T21-55-22_583-jvmRun1 surefire-20250826215522862_1tmp surefire_0-20250826215522862_2tmp"/>
    <property name="jdk.debug" value="release"/>
    <property name="surefire.test.class.path" value="C:\Users\mouns\BluetoothReader\target\test-classes;C:\Users\mouns\BluetoothReader\target\classes;C:\Users\mouns\.m2\repository\com\fazecast\jSerialComm\2.10.4\jSerialComm-2.10.4.jar;C:\Users\mouns\.m2\repository\org\openjfx\javafx-controls\21\javafx-controls-21.jar;C:\Users\mouns\.m2\repository\org\openjfx\javafx-controls\21\javafx-controls-21-win.jar;C:\Users\mouns\.m2\repository\org\openjfx\javafx-graphics\21\javafx-graphics-21.jar;C:\Users\mouns\.m2\repository\org\openjfx\javafx-graphics\21\javafx-graphics-21-win.jar;C:\Users\mouns\.m2\repository\org\openjfx\javafx-base\21\javafx-base-21.jar;C:\Users\mouns\.m2\repository\org\openjfx\javafx-base\21\javafx-base-21-win.jar;C:\Users\mouns\.m2\repository\org\openjfx\javafx-fxml\21\javafx-fxml-21.jar;C:\Users\mouns\.m2\repository\org\openjfx\javafx-fxml\21\javafx-fxml-21-win.jar;C:\Users\mouns\.m2\repository\org\junit\jupiter\junit-jupiter\5.10.0\junit-jupiter-5.10.0.jar;C:\Users\mouns\.m2\repository\org\junit\jupiter\junit-jupiter-api\5.10.0\junit-jupiter-api-5.10.0.jar;C:\Users\mouns\.m2\repository\org\opentest4j\opentest4j\1.3.0\opentest4j-1.3.0.jar;C:\Users\mouns\.m2\repository\org\junit\platform\junit-platform-commons\1.10.0\junit-platform-commons-1.10.0.jar;C:\Users\mouns\.m2\repository\org\apiguardian\apiguardian-api\1.1.2\apiguardian-api-1.1.2.jar;C:\Users\mouns\.m2\repository\org\junit\jupiter\junit-jupiter-params\5.10.0\junit-jupiter-params-5.10.0.jar;C:\Users\mouns\.m2\repository\org\junit\jupiter\junit-jupiter-engine\5.10.0\junit-jupiter-engine-5.10.0.jar;C:\Users\mouns\.m2\repository\org\junit\platform\junit-platform-engine\1.10.0\junit-platform-engine-1.10.0.jar;C:\Users\mouns\.m2\repository\org\controlsfx\controlsfx\11.1.2\controlsfx-11.1.2.jar;C:\Users\mouns\.m2\repository\org\mockito\mockito-core\5.11.0\mockito-core-5.11.0.jar;C:\Users\mouns\.m2\repository\net\bytebuddy\byte-buddy\1.14.12\byte-buddy-1.14.12.jar;C:\Users\mouns\.m2\repository\net\bytebuddy\byte-buddy-agent\1.14.12\byte-buddy-agent-1.14.12.jar;C:\Users\mouns\.m2\repository\org\objenesis\objenesis\3.3\objenesis-3.3.jar;C:\Users\mouns\.m2\repository\org\mockito\mockito-junit-jupiter\5.11.0\mockito-junit-jupiter-5.11.0.jar;"/>
    <property name="sun.cpu.endian" value="little"/>
    <property name="user.home" value="C:\Users\mouns"/>
    <property name="user.language" value="de"/>
    <property name="java.specification.vendor" value="Oracle Corporation"/>
    <property name="java.version.date" value="2022-09-20"/>
    <property name="java.home" value="C:\Users\mouns\scoop\apps\openjdk\current"/>
    <property name="file.separator" value="\"/>
    <property name="basedir" value="C:\Users\mouns\BluetoothReader"/>
    <property name="java.vm.compressedOopsMode" value="Zero based"/>
    <property name="line.separator" value="&#10;"/>
    <property name="java.vm.specification.vendor" value="Oracle Corporation"/>
    <property name="java.specification.name" value="Java Platform API Specification"/>
    <property name="surefire.real.class.path" value="C:\Users\mouns\AppData\Local\Temp\surefire4922855142736135464\surefirebooter-20250826215522862_3.jar"/>
    <property name="user.script" value=""/>
    <property name="sun.management.compiler" value="HotSpot 64-Bit Tiered Compilers"/>
    <property name="java.runtime.version" value="19+36-2238"/>
    <property name="user.name" value="mouns"/>
    <property name="stdout.encoding" value="Cp1252"/>
    <property name="path.separator" value=";"/>
    <property name="os.version" value="10.0"/>
    <property name="java.runtime.name" value="OpenJDK Runtime Environment"/>
    <property name="file.encoding" value="UTF-8"/>
    <property name="java.vm.name" value="OpenJDK 64-Bit Server VM"/>
    <property name="localRepository" value="C:\Users\mouns\.m2\repository"/>
    <property name="java.vendor.url.bug" value="https://bugreport.java.com/bugreport/"/>
    <property name="java.io.tmpdir" value="C:\Users\mouns\AppData\Local\Temp\"/>
    <property name="java.version" value="19"/>
    <property name="user.dir" value="C:\Users\mouns\BluetoothReader"/>
    <property name="os.arch" value="amd64"/>
    <property name="java.vm.specification.name" value="Java Virtual Machine Specification"/>
    <property name="sun.os.patch.level" value=""/>
    <property name="native.encoding" value="Cp1252"/>
    <property name="java.library.path" value="C:\Users\mouns\scoop\apps\openjdk\current\bin;C:\Windows\Sun\Java\bin;C:\Windows\system32;C:\Windows;C:\Program Files\Common Files\Oracle\Java\javapath;C:\Windows\system32;C:\Windows;C:\Windows\System32\Wbem;C:\Windows\System32\WindowsPowerShell\v1.0\;C:\Windows\System32\OpenSSH\;C:\Program Files\Git\cmd;C:\Program Files\MATLAB\R2024a\runtime\win64;C:\Program Files\MATLAB\R2024a\bin;C:\Program Files\PuTTY\;C:\Program Files\apache-maven-3.9.9-src\apache-maven-3.9.9\apache-maven\src\bin;%NVM_HOME%;%NVM_SYMLINK%;C:\Program Files\PowerShell\7\;C:\Users\mouns\scoop\apps\maven\current\bin;C:\Users\mouns\scoop\apps\openjdk\current\bin;C:\Users\mouns\scoop\shims;C:\Users\mouns\AppData\Local\Microsoft\WindowsApps;C:\Users\mouns\AppData\Local\Programs\Microsoft VS Code\bin;C:\Users\mouns\AppData\Local\Programs\Python\Python311\Scripts;C:\cygwin64\bin;C:\Program Files\JetBrains\IntelliJ IDEA 2023.2.3\bin;C:\Program Files\JetBrains\IntelliJ IDEA Community Edition 2023.2.3\bin;C:\Program Files\JetBrains\DataSpell 2023.2.3\bin;C:\Users\mouns\AppData\Roaming\npm;C:\msys64\ucrt64\bin;C:\Users\mouns\AppData\Local\nvm;C:\nvm4w\nodejs;."/>
    <property name="java.vm.info" value="mixed mode, sharing"/>
    <property name="stderr.encoding" value="Cp1252"/>
    <property name="java.vendor" value="Oracle Corporation"/>
    <property name="java.vm.version" value="19+36-2238"/>
    <property name="sun.io.unicode.encoding" value="UnicodeLittle"/>
    <property name="java.class.version" value="63.0"/>
  </properties>
  <testcase name="testToUartFrameWithProtocolEmptyCommand" classname="com.example.serial.CommandInterpreterTest" time="0.016"/>
  <testcase name="testToUartFrameWithProtocol" classname="com.example.serial.CommandInterpreterTest" time="0.002"/>
  <testcase name="testToUartFrameNullInput" classname="com.example.serial.CommandInterpreterTest" time="0.002"/>
  <testcase name="testToUartFrameSimple" classname="com.example.serial.CommandInterpreterTest" time="0.002"/>
  <testcase name="testToUartFrameWithExtraWhitespace" classname="com.example.serial.CommandInterpreterTest" time="0.002"/>
</testsuite>